<?xml version="1.0" encoding="UTF-8"?>
<testsuite xmlns:xsi="http://www.w3.org/2001/XMLSchema-instance" xsi:noNamespaceSchemaLocation="https://maven.apache.org/surefire/maven-surefire-plugin/xsd/surefire-test-report.xsd" name="com.bupt.stockassistant.StockAssistantApplicationTests" time="4.559" tests="6" errors="0" skipped="0" failures="0">
  <properties>
[...]
</properties>
  <testcase name="stableToken" classname="com.bupt.stockassistant.StockAssistantApplicationTests" time="0.684"/>
  <testcase name="accessToken" classname="com.bupt.stockassistant.StockAssistantApplicationTests" time="0.169"/>
  <testcase name="searchTest" classname="com.bupt.stockassistant.StockAssistantApplicationTests" time="0.002"/>
  <testcase name="searchStock" classname="com.bupt.stockassistant.StockAssistantApplicationTests" time="0.02"/>
  <testcase name="menu" classname="com.bupt.stockassistant.StockAssistantApplicationTests" time="0.145"/>
  <testcase name="redisTest" classname="com.bupt.stockassistant.StockAssistantApplicationTests" time="0.267"/>
</testsuite>